********************************************************************************
*                      Saturday, June 03, 2017 8:37:33 PM                      *
********************************************************************************
CSharpCompilerWrapper.exe version: 2.0.3.30
Platform: Windows
Target assembly: Assembly-CSharp.dll
Project directory: C:\Users\rick\Documents\New Unity Project
Target profile directory: C:\Program Files\Unity\Editor\Data\MonoBleedingEdge\lib\mono\2.0-api
Unity 'Data' or 'Frameworks' directory: C:/Program Files/Unity/Editor/Data
Compiler: Microsoft C# 7.0

- Compilation -----------------------------------------------

Process: C:\Users\rick\Documents\New Unity Project\CSharp70Support\Roslyn\csc.exe
Arguments: -nostdlib+ -noconfig -nologo -r:"C:\Program Files\Unity\Editor\Data\MonoBleedingEdge\lib\mono\2.0-api\mscorlib.dll" -r:"C:\Program Files\Unity\Editor\Data\MonoBleedingEdge\lib\mono\2.0-api\System.dll" -r:"C:\Program Files\Unity\Editor\Data\MonoBleedingEdge\lib\mono\2.0-api\System.Core.dll" -r:"C:\Program Files\Unity\Editor\Data\MonoBleedingEdge\lib\mono\2.0-api\System.Xml.dll" @Temp/UnityTempFile-d3f603a19f28b4846a26c340a7ec7b15 
Exit code: 0
Elapsed time: 2.61 sec

- Compiler output (0 lines):

- Compiler errors (0 lines):

- PDB to MDB conversion --------------------------------------

Process: C:\Users\rick\Documents\New Unity Project\CSharp70Support\Roslyn\pdb2mdb.exe
Arguments: Temp\Assembly-CSharp.dll
Exit code: 0
Elapsed time: 0.23 sec

- pdb2mdb.exe output (0 lines):
********************************************************************************
*                      Saturday, June 03, 2017 8:37:36 PM                      *
********************************************************************************
CSharpCompilerWrapper.exe version: 2.0.3.30
Platform: Windows
Target assembly: Assembly-CSharp-Editor.dll
Project directory: C:\Users\rick\Documents\New Unity Project
Target profile directory: C:\Program Files\Unity\Editor\Data\MonoBleedingEdge\lib\mono\2.0-api
Unity 'Data' or 'Frameworks' directory: C:/Program Files/Unity/Editor/Data
Compiler: Microsoft C# 7.0

- Compilation -----------------------------------------------

Process: C:\Users\rick\Documents\New Unity Project\CSharp70Support\Roslyn\csc.exe
Arguments: -nostdlib+ -noconfig -nologo -r:"C:\Program Files\Unity\Editor\Data\MonoBleedingEdge\lib\mono\2.0-api\mscorlib.dll" -r:"C:\Program Files\Unity\Editor\Data\MonoBleedingEdge\lib\mono\2.0-api\System.dll" -r:"C:\Program Files\Unity\Editor\Data\MonoBleedingEdge\lib\mono\2.0-api\System.Core.dll" -r:"C:\Program Files\Unity\Editor\Data\MonoBleedingEdge\lib\mono\2.0-api\System.Xml.dll" @Temp/UnityTempFile-1fd1cd0841714d74e9d7e41e4dded1a4 
Exit code: 0
Elapsed time: 1.91 sec

- Compiler output (0 lines):

- Compiler errors (0 lines):

- PDB to MDB conversion --------------------------------------

Process: C:\Users\rick\Documents\New Unity Project\CSharp70Support\Roslyn\pdb2mdb.exe
Arguments: Temp\Assembly-CSharp-Editor.dll
Exit code: 0
Elapsed time: 0.07 sec

- pdb2mdb.exe output (0 lines):
********************************************************************************
*                      Saturday, June 03, 2017 8:37:40 PM                      *
********************************************************************************
CSharpCompilerWrapper.exe version: 2.0.3.30
Platform: Windows
Target assembly: Assembly-CSharp.dll
Project directory: C:\Users\rick\Documents\New Unity Project
Target profile directory: C:\Program Files\Unity\Editor\Data\MonoBleedingEdge\lib\mono\2.0-api
Unity 'Data' or 'Frameworks' directory: C:/Program Files/Unity/Editor/Data
Compiler: Microsoft C# 7.0

- Compilation -----------------------------------------------

Process: C:\Users\rick\Documents\New Unity Project\CSharp70Support\Roslyn\csc.exe
Arguments: -nostdlib+ -noconfig -nologo -r:"C:\Program Files\Unity\Editor\Data\MonoBleedingEdge\lib\mono\2.0-api\mscorlib.dll" -r:"C:\Program Files\Unity\Editor\Data\MonoBleedingEdge\lib\mono\2.0-api\System.dll" -r:"C:\Program Files\Unity\Editor\Data\MonoBleedingEdge\lib\mono\2.0-api\System.Core.dll" -r:"C:\Program Files\Unity\Editor\Data\MonoBleedingEdge\lib\mono\2.0-api\System.Xml.dll" @Temp/UnityTempFile-4a71d5853aa46c146bcbffa6f40ab6c3 
********************************************************************************
*                      Saturday, June 03, 2017 8:37:42 PM                      *
********************************************************************************
CSharpCompilerWrapper.exe version: 2.0.3.30
********************************************************************************
*                      Saturday, June 03, 2017 8:37:42 PM                      *
********************************************************************************
CSharpCompilerWrapper.exe version: 2.0.3.30
Platform: Windows
Target assembly: Assembly-CSharp.dll
Project directory: C:\Users\rick\Documents\New Unity Project
Target profile directory: C:\Program Files\Unity\Editor\Data\MonoBleedingEdge\lib\mono\2.0-api
Unity 'Data' or 'Frameworks' directory: C:/Program Files/Unity/Editor/Data
Compiler: Microsoft C# 7.0

- Compilation -----------------------------------------------

Process: C:\Users\rick\Documents\New Unity Project\CSharp70Support\Roslyn\csc.exe
Arguments: -nostdlib+ -noconfig -nologo -r:"C:\Program Files\Unity\Editor\Data\MonoBleedingEdge\lib\mono\2.0-api\mscorlib.dll" -r:"C:\Program Files\Unity\Editor\Data\MonoBleedingEdge\lib\mono\2.0-api\System.dll" -r:"C:\Program Files\Unity\Editor\Data\MonoBleedingEdge\lib\mono\2.0-api\System.Core.dll" -r:"C:\Program Files\Unity\Editor\Data\MonoBleedingEdge\lib\mono\2.0-api\System.Xml.dll" @Temp/UnityTempFile-68208447eeb2bef4b8ff022cb6e5ca51 
Exit code: 0
Elapsed time: 2.41 sec

- Compiler output (0 lines):

- Compiler errors (0 lines):

- PDB to MDB conversion --------------------------------------

Process: C:\Users\rick\Documents\New Unity Project\CSharp70Support\Roslyn\pdb2mdb.exe
Arguments: Temp\Assembly-CSharp.dll
Exit code: 0
Elapsed time: 0.09 sec

- pdb2mdb.exe output (0 lines):
********************************************************************************
*                      Saturday, June 03, 2017 8:37:46 PM                      *
********************************************************************************
CSharpCompilerWrapper.exe version: 2.0.3.30
Platform: Windows
Target assembly: Assembly-CSharp.dll
Project directory: C:\Users\rick\Documents\New Unity Project
Target profile directory: C:\Program Files\Unity\Editor\Data\MonoBleedingEdge\lib\mono\2.0-api
Unity 'Data' or 'Frameworks' directory: C:/Program Files/Unity/Editor/Data
Compiler: Microsoft C# 7.0

- Compilation -----------------------------------------------

Process: C:\Users\rick\Documents\New Unity Project\CSharp70Support\Roslyn\csc.exe
Arguments: -nostdlib+ -noconfig -nologo -r:"C:\Program Files\Unity\Editor\Data\MonoBleedingEdge\lib\mono\2.0-api\mscorlib.dll" -r:"C:\Program Files\Unity\Editor\Data\MonoBleedingEdge\lib\mono\2.0-api\System.dll" -r:"C:\Program Files\Unity\Editor\Data\MonoBleedingEdge\lib\mono\2.0-api\System.Core.dll" -r:"C:\Program Files\Unity\Editor\Data\MonoBleedingEdge\lib\mono\2.0-api\System.Xml.dll" @Temp/UnityTempFile-fe2d993079c199e4e8129665243d1ffa 
Exit code: 0
Elapsed time: 2.36 sec

- Compiler output (0 lines):

- Compiler errors (0 lines):

- PDB to MDB conversion --------------------------------------

Process: C:\Users\rick\Documents\New Unity Project\CSharp70Support\Roslyn\pdb2mdb.exe
Arguments: Temp\Assembly-CSharp.dll
Exit code: 0
Elapsed time: 0.09 sec

- pdb2mdb.exe output (0 lines):
********************************************************************************
*                      Saturday, June 03, 2017 8:37:49 PM                      *
********************************************************************************
CSharpCompilerWrapper.exe version: 2.0.3.30
Platform: Windows
Target assembly: Assembly-CSharp-Editor.dll
Project directory: C:\Users\rick\Documents\New Unity Project
Target profile directory: C:\Program Files\Unity\Editor\Data\MonoBleedingEdge\lib\mono\2.0-api
Unity 'Data' or 'Frameworks' directory: C:/Program Files/Unity/Editor/Data
Compiler: Microsoft C# 7.0

- Compilation -----------------------------------------------

Process: C:\Users\rick\Documents\New Unity Project\CSharp70Support\Roslyn\csc.exe
Arguments: -nostdlib+ -noconfig -nologo -r:"C:\Program Files\Unity\Editor\Data\MonoBleedingEdge\lib\mono\2.0-api\mscorlib.dll" -r:"C:\Program Files\Unity\Editor\Data\MonoBleedingEdge\lib\mono\2.0-api\System.dll" -r:"C:\Program Files\Unity\Editor\Data\MonoBleedingEdge\lib\mono\2.0-api\System.Core.dll" -r:"C:\Program Files\Unity\Editor\Data\MonoBleedingEdge\lib\mono\2.0-api\System.Xml.dll" @Temp/UnityTempFile-659468162455ecf4b8d2acaf5d710bcf 
Exit code: 0
Elapsed time: 1.92 sec

- Compiler output (0 lines):

- Compiler errors (0 lines):

- PDB to MDB conversion --------------------------------------

Process: C:\Users\rick\Documents\New Unity Project\CSharp70Support\Roslyn\pdb2mdb.exe
Arguments: Temp\Assembly-CSharp-Editor.dll
Exit code: 0
Elapsed time: 0.08 sec

- pdb2mdb.exe output (0 lines):
